Arguments: 
  C:\Program Files\nodejs\node.exe C:\Users\ppv_t\AppData\Roaming\npm\node_modules\yarn\bin\yarn.js add mongoose rxpress jsonwebtojen dotenv bcryptjs

PATH: 
  C:\Program Files (x86)\VMware\VMware Player\bin\;C:\Windows\system32;C:\Windows;C:\Windows\System32\Wbem;C:\Windows\System32\WindowsPowerShell\v1.0\;C:\Windows\System32\OpenSSH\;C:\Program Files\nodejs\;C:\Program Files\NVIDIA Corporation\NVIDIA NvDLISR;C:\Program Files (x86)\NVIDIA Corporation\PhysX\Common;C:\src\flutter\bin;C:\xampp\php;C:\src\php-8.2.7;C:\Program Files\PuTTY\;C:\src\Git\cmd;C:\src\python\Scripts\;C:\src\python\;C:\src\flutter\bin;C:\Users\ppv_t\AppData\Local\Microsoft\WindowsApps;C:\Users\ppv_t\AppData\Local\Programs\Microsoft VS Code\bin;C:\Users\ppv_t\AppData\Roaming\npm;C:\Windows\System32\cmd.exe;C:\Users\ppv_t\AppData\Roaming\Composer\vendor\bin;C:\src\php-8.2.7;C:\src\dart-sdk\bin;C:\src\python;C:\src\Git\cmd;C:\Users\ppv_t\AppData\Local\GitHubDesktop\bin

Yarn version: 
  1.22.19

Node version: 
  18.16.1

Platform: 
  win32 x64

Trace: 
  Error: https://registry.yarnpkg.com/jsonwebtojen: Not found
      at params.callback [as _callback] (C:\Users\ppv_t\AppData\Roaming\npm\node_modules\yarn\lib\cli.js:66145:18)
      at self.callback (C:\Users\ppv_t\AppData\Roaming\npm\node_modules\yarn\lib\cli.js:140890:22)
      at Request.emit (node:events:513:28)
      at Request.<anonymous> (C:\Users\ppv_t\AppData\Roaming\npm\node_modules\yarn\lib\cli.js:141862:10)
      at Request.emit (node:events:513:28)
      at IncomingMessage.<anonymous> (C:\Users\ppv_t\AppData\Roaming\npm\node_modules\yarn\lib\cli.js:141784:12)
      at Object.onceWrapper (node:events:627:28)
      at IncomingMessage.emit (node:events:525:35)
      at endReadableNT (node:internal/streams/readable:1359:12)
      at process.processTicksAndRejections (node:internal/process/task_queues:82:21)

npm manifest: 
  {
    "name": "jwt-demo",
    "version": "1.0.0",
    "main": "index.js",
    "license": "MIT",
    "dependencies": {
      "tsc": "^2.0.4",
      "typescript": "^5.1.6"
    }
  }

yarn manifest: 
  No manifest

Lockfile: 
  # THIS IS AN AUTOGENERATED FILE. DO NOT EDIT THIS FILE DIRECTLY.
  # yarn lockfile v1
  
  
  tsc@^2.0.4:
    version "2.0.4"
    resolved "https://registry.yarnpkg.com/tsc/-/tsc-2.0.4.tgz#5f6499146abea5dca4420b451fa4f2f9345238f5"
    integrity sha512-fzoSieZI5KKJVBYGvwbVZs/J5za84f2lSTLPYf6AGiIf43tZ3GNrI1QzTLcjtyDDP4aLxd46RTZq1nQxe7+k5Q==
  
  typescript@^5.1.6:
    version "5.1.6"
    resolved "https://registry.yarnpkg.com/typescript/-/typescript-5.1.6.tgz#02f8ac202b6dad2c0dd5e0913745b47a37998274"
    integrity sha512-zaWCozRZ6DLEWAWFrVDz1H6FVXzUSfTy5FUMWsQlU8Ym5JP9eO4xkTIROFCQvhQf61z6O/G6ugw3SgAnvvm+HA==
